05:14 sang2934  : chấn bé đù
05:15 amogus20241: chấn
05:15 amogus20241: acceptttttttttttttt
05:15 sang2934   : cút
05:15 sang2934   : đang afk
05:15 amogus20241: afk lm j
05:18 amogus20241 placed suspicious WATER_BUCKET @ world: x-288, z206
05:18 sang2934   : afk để đập m ấy
05:18 amogus20241: cứu
05:19 amogus20241: t hỏi thăm mẹ m chx sang:)?
05:19 amogus20241: nứng cặc ko
05:19 sang2934   : vanh nứng khi thấy chị m ấy
05:20 amogus20241: t đag nói m
05:20 amogus20241: nứng ko sang
05:20 amogus20241: nói ngu vãi
05:21 amogus20241: t chx chửi mẹ m nha
05:23 sang2934   : thì ai kêu m chửi mẹ mạnh đâu
05:24 amogus20241: t có chửi mẹ t đâu?
05:24 amogus20241: t đag ns m đấy
05:26 sang2934   : thì m viết tắt của mạnh mà
05:26 amogus20241: Thì?
05:26 sang2934   : ai hỏi
05:26 amogus20241: m vẫn chửi mẹ t nha
05:26 amogus20241: occho
05:26 sang2934   : ai hỏi
05:27 amogus20241: haizz
05:27 amogus20241: cãi ko đc r ai hỏi
05:27 amogus20241: nói *
05:28 sang2934   : ai hỏi
05:28 amogus20241: :)
05:29 amogus20241: có seed ko
05:56 sang2934   : ủa
05:56 sang2934   : nam vô khi nào v
05:56 Nambiribiri: moiws
06:02 Nambiribiri: sang
06:02 sang2934   : hả
06:03 Nambiribiri: cos opsidian k
06:03 sang2934   : ko
06:03 sang2934   : t ko có viên nào
06:11 sang2934   :  placed a sign @ world: x-389, z-249
  ư
06:14 sang2934   : m có rong biển ko nam
06:22 sang2934   : thuyền
06:26 Nambiribiri placed suspicious LAVA_BUCKET @ world: x-231, z167
06:26 Nambiribiri placed suspicious LAVA_BUCKET @ world: x-228, z173
06:26 Nambiribiri placed suspicious LAVA_BUCKET @ world: x-228, z175
06:29 Nambiribiri placed suspicious LAVA_BUCKET @ world: x-238, z206
06:31 sang2934   : ê nam
06:31 sang2934   : call vs minh kìa
06:31 Nambiribiri: har
06:31 sang2934   : làm j ở đây
06:32 Nambiribiri: cos lm j đâu
06:32 sang2934   : đi về đi nam
06:32 Nambiribiri: ok
06:33 Nambiribiri: xin con dân làng
06:33 sang2934   : cút
06:33 Nambiribiri: nha
06:33 sang2934   : để t bán cho tính
06:34 sang2934   : :)))
06:34 Minhthichcu: cho ngu
06:34 Minhthichcu: xay cc gi v Sangggg
06:35 sang2934   : thua
06:35 Minhthichcu: lam gi v
06:35 sang2934   : má
06:35 sang2934   : đưang phá
06:35 Minhthichcu: e t ko lam dc gi ne
06:36 Minhthichcu: trong khu cua m t ko lam dc gi het
06:36 Minhthichcu: clm gi ma 44 emerald du v may
06:36 sang2934   : :)))
06:36 sang2934   : con bán bảo vệ 55 kìa
06:37 Nambiribiri: đù con cừu hồng nè
06:37 Minhthichcu: ngon v
06:37 Minhthichcu: CLM
06:37 Minhthichcu: sac ben ma no 1 st
06:37 Nambiribiri: tp t t cho coi con cừu hồng
06:37 Minhthichcu: bve 5 dau
06:37 Minhthichcu: SANGGGG
06:38 Minhthichcu: t doi chi ko dc ne
06:38 Minhthichcu: dcm
06:38 Minhthichcu: khu nay cua rieng m roi
06:38 sang2934   : đợi xíu
06:38 Nambiribiri: tinh trùng
06:38 Nambiribiri: add t vô lãnh thổ
06:38 Minhthichcu: có add vô lãnh thổ được ko
06:38 KaredMc    : đc
06:38 sang2934   : r đó
06:38 KaredMc    : r chưa
06:39 Nambiribiri: ok
06:40 sang2934   : fuck
06:40 KaredMc    : có kéo ch đòi
06:40 sang2934   : ê
06:41 sang2934   : lên lấy xương cho t
06:41 Minhthichcu: e
06:41 Minhthichcu: mot dap me cai duong nay di
06:41 sang2934   : bựa quá
06:41 Minhthichcu: ae minh co canh
06:41 Minhthichcu: xong lam cho to ra
06:41 Minhthichcu: roi bay len
06:42 Minhthichcu: xuong ne
06:42 Minhthichcu: e
06:42 Minhthichcu: sang
06:42 Minhthichcu: t lam thanh bot xuong nha
06:42 sang2934   : uk
06:42 KaredMc    : t xin dân lanfg
06:43 sang2934   : t cọc nha
06:43 Minhthichcu: nhu nay sao song
06:43 KaredMc    : t xị 1 dân làng
06:44 sang2934   : đc chx minh?
06:44 Minhthichcu: cai gi
06:44 sang2934   : bột xương
06:44 KaredMc    : nam sang bên này chiếm
06:45 sang2934   : ko đủ
06:45 KaredMc    : chuột phải
06:45 KaredMc    : xẻng vèng dm
06:45 KaredMc    : chuột phải ở đây
06:46 Nambiribiri: dag combat dcm
06:46 KaredMc    : xg qua đây chuọot phải tiếp
06:46 Minhthichcu: co xuong ne
06:46 sang2934   : lấy đi
06:46 KaredMc    : đây nè
06:47 KaredMc    : gó bên kia qua bên này
06:47 KaredMc    : đc ch
06:47 Nambiribiri: tr
06:47 KaredMc    : m hiểu kh
06:48 Nambiribiri: laf sao
06:48 sang2934   : thêm bột xương minh ơi
06:48 sang2934   : wtt đi hc
06:48 KaredMc    : m chuột phải góc bên này xg qua chỗ hồi nãy t chỉ chuột phải tiếp
06:48 sang2934   : t đi hc
06:49 Nambiribiri: mowr lại đi
06:50 Minhthichcu: Nam cho t xin do an cai
06:50 Minhthichcu: t di xa nha qua deo dem do an
06:51 Minhthichcu: :))))
07:00 Nambiribiri: tinh
07:07 KaredMc    : back
07:07 KaredMc    : trả đồ đe
07:08 Minhthichcu: in combat r
07:08 Minhthichcu: eo quang ra dc
07:08 KaredMc    : trả 2737 kc
07:08 KaredMc    : 2 con dan làng nx
07:08 Minhthichcu: Nam lay
07:08 Minhthichcu: nay no chom
07:08 Minhthichcu: t moi lay lai dc
07:09 Minhthichcu: cmay trom dan lang dkh
07:09 KaredMc    : kh
07:10 KaredMc    : sang cho
07:10 KaredMc    : sang noi cho t r
07:13 Nambiribiri: tinh
07:14 KaredMc    : j
07:14 Nambiribiri: đặt dân làng ra
07:14 KaredMc    : r
07:15 KaredMc    : nam sài /trush KaredMc
07:15 KaredMc    : nammm
07:16 Nambiribiri: j
07:16 KaredMc    : sài /trush KaredMc
07:16 Minhthichcu: cc
07:23 KaredMc    : nam t bắt bò nha
07:39 Dragon_Gaming_VN: cuu
07:39 Dragon_Gaming_VN: t bị lạc r
07:39 Dragon_Gaming_VN: ai cho t tp cái đê
07:39 KaredMc         : :)))
07:40 Dragon_Gaming_VN: ma
07:40 Dragon_Gaming_VN: an cũng đéo xong
07:43 Nambiribiri placed suspicious LAVA_BUCKET @ world: x-226, z174
07:43 Nambiribiri placed suspicious LAVA_BUCKET @ world: x-226, z176
07:43 Nambiribiri placed suspicious LAVA_BUCKET @ world: x-227, z171
07:43 Nambiribiri placed suspicious LAVA_BUCKET @ world: x-227, z168
07:43 Nambiribiri placed suspicious LAVA_BUCKET @ world: x-225, z165
07:43 Nambiribiri placed suspicious LAVA_BUCKET @ world: x-220, z166
07:43 Nambiribiri placed suspicious LAVA_BUCKET @ world: x-219, z169
07:44 Nambiribiri placed suspicious LAVA_BUCKET @ world: x-275, z195
07:44 Nambiribiri placed suspicious LAVA_BUCKET @ world: x-278, z203
07:44 Dragon_Gaming_VN: HAY
07:45 KaredMc         : back đi bảo còn đồ mà
07:45 KaredMc         : test:))
07:46 KaredMc         : t 2 cây đinh ba r
07:46 Dragon_Gaming_VN: tra ao quan coi
07:46 Nambiribiri     : cho
07:46 Dragon_Gaming_VN: may thg nung này
07:46 Nambiribiri     : ko laays
07:46 Nambiribiri placed suspicious LAVA_BUCKET @ world: x-279, z203
07:46 Nambiribiri placed suspicious LAVA_BUCKET @ world: x-280, z203
07:47 Nambiribiri placed suspicious LAVA_BUCKET @ world: x-281, z202
07:47 Nambiribiri placed suspicious LAVA_BUCKET @ world: x-282, z201
07:47 KaredMc         : ai lấy đâu cha
07:47 Nambiribiri placed suspicious LAVA_BUCKET @ world: x-280, z200
07:47 Dragon_Gaming_VN: m đốt mẹ r
07:47 KaredMc         : cho nè
07:47 Nambiribiri     : ngaos af
07:47 Nambiribiri placed suspicious LAVA_BUCKET @ world: x-281, z196
07:47 Nambiribiri placed suspicious LAVA_BUCKET @ world: x-281, z197
07:47 KaredMc         : vô nhà r đưa
07:47 Nambiribiri placed suspicious LAVA_BUCKET @ world: x-292, z193
07:47 KaredMc         : t 2 cây đinh ba lận
07:48 KaredMc         : bảo lấy hêts giáp r
07:48 Nambiribiri     : t laays cuar m ddeos
07:48 Dragon_Gaming_VN: cho chừa
07:49 Dragon_Gaming_VN: mot chừa nha mấy con chó
07:49 Dragon_Gaming_VN: kkkkkkk
07:49 Nambiribiri     : canws lesn
07:49 Dragon_Gaming_VN: ngon ra đây
07:49 Nambiribiri     : tongwr pvp hay
07:49 Dragon_Gaming_VN: tp đi
07:49 Dragon_Gaming_VN: ra đây solo
07:49 Dragon_Gaming_VN: cam su giup do của thg tính
07:49 Nambiribiri     : trar ddoof
07:49 Dragon_Gaming_VN: đéo
07:49 Dragon_Gaming_VN: kkkkk
07:49 Nambiribiri     : uar m ko cos giaps laays j anw dc t
07:50 Nambiribiri     : giaps cx tinhs cho m chuws ai
07:50 Dragon_Gaming_VN: t tự chế mà
07:50 Dragon_Gaming_VN: m nứng hả
07:50 sang2934        : bot xuong
07:50 Dragon_Gaming_VN: nam cay lắm
07:50 Minhthichcu     : cai det
07:50 Dragon_Gaming_VN: kkkkkk
07:51 Dragon_Gaming_VN: chua nha
07:51 Minhthichcu     : m nghe t noi trong dis ko sang
07:51 Dragon_Gaming_VN: lan sau liệu hồn
07:52 sang2934        : TF
07:52 Dragon_Gaming_VN: ra đay đi t cho m sắt làm bộ mới
07:52 Dragon_Gaming_VN: boo kia hư r
07:52 Dragon_Gaming_VN: tp đi
07:53 Minhthichcu     : ua
07:53 Dragon_Gaming_VN: bot phi đi con chó
07:53 Minhthichcu     : sao trade chi ko len lv v Sang
07:53 Nambiribiri     : kieem
07:53 Dragon_Gaming_VN: cho
07:54 Dragon_Gaming_VN: con
07:54 Dragon_Gaming_VN: chua nha
07:54 Dragon_Gaming_VN: lkkkkk
07:54 Dragon_Gaming_VN: sao mà dám
07:54 Dragon_Gaming_VN: nonnnn
07:54 sang2934        : ko ai call vs minh nx af
07:55 Minhthichcu     : e
07:56 Minhthichcu     : cai duong nay m lam sai ne
07:56 Nambiribiri     : muon cay riu
07:56 Nambiribiri     : baor
07:57 Dragon_Gaming_VN: kkkkk
07:57 sang2934        : bot xuong'
07:57 Nambiribiri     : cmm
07:57 Dragon_Gaming_VN: kkkk
07:58 Nambiribiri     : lồn bảo cút coi
07:58 Dragon_Gaming_VN: ee sang
07:58 sang2934        : har
07:59 Minhthichcu     : hut cham qua:))
07:59 Dragon_Gaming_VN: xem kill cua t bao nhieu r
07:59 Dragon_Gaming_VN: nam hết muốn ra lấy đồ r
07:59 Dragon_Gaming_VN: th t đi
07:59 Dragon_Gaming_VN: met moi qua
07:59 sang2934        : ko xem kill ddc
08:00 Dragon_Gaming_VN: qua lấy đồ đi
08:00 Dragon_Gaming_VN: k đánh nx
08:02 sang2934        : clma
08:03 sang2934        : nef
08:05 Nambiribiri     : cho áo cho quần nón luôn đi
08:05 sang2934        : het r'
08:10 sang2934        : yo
08:11 Nambiribiri     : đồ t
08:12 sang2934        : minh ddi phieu luu af?
08:12 Minhthichcu     : dang o dia nguc tim biome moiw
08:13 Minhthichcu     : ma nhu cac a m
08:13 Minhthichcu     : co biome enderman ma van dinh voi biome dia nguc gan nha minh
08:13 Minhthichcu     : map xau dien
08:14 Minhthichcu     : clm cong dia nguc thi o ngay khu savan
08:16 sang2934        : ve enchant giaps di minh
08:17 Minhthichcu     : tutu
08:17 Dragon_Gaming_VN: tp lm j
08:17 sang2934        : cho giaps
08:17 Dragon_Gaming_VN: giap j
08:17 sang2934        : nhanh
08:18 Dragon_Gaming_VN: hay kiem co danh t
08:18 sang2934        : GIAPS KC
08:18 sang2934        : NHANH LEN
08:19 Dragon_Gaming_VN: k tin
08:19 sang2934        : ko lay thi th
08:19 Dragon_Gaming_VN: gui lai đi
08:19 sang2934        : t cho khang
08:20 sang2934        : kiaf
08:20 sang2934        : :))))
08:21 Dragon_Gaming_VN: wrt ê sang
08:21 Dragon_Gaming_VN: cho t qua nhà m sống đi đc k
08:21 sang2934        : kiem que quy lua cho t minh oi
08:22 Dragon_Gaming_VN: sang
08:22 Dragon_Gaming_VN: cho t qua nhà m sống đi
08:22 Minhthichcu     : ko du kinh nghiem enchant m oi
08:23 Dragon_Gaming_VN: cc
08:23 Minhthichcu     : t moi lam dc cai duong di qua khu co enderman xa vcl ne:)))
08:23 sang2934        : doi chir
08:23 Minhthichcu     : doi chi t ko nhan dc exp
08:23 sang2934        : m cuws trade tam 5 6 lan sau la cos af
08:23 Dragon_Gaming_VN: sang
08:23 Dragon_Gaming_VN: cho t quyền đi
08:23 sang2934        : ?
08:24 sang2934        : lao dong khoor sai cho t
08:24 Dragon_Gaming_VN: lm j
08:24 Dragon_Gaming_VN: ma cho t quyen cái đi
08:24 Dragon_Gaming_VN: cho t cất đồ
08:24 Minhthichcu     : ko nha sang:))
08:24 sang2934        : wtf
08:25 sang2934        : nef
08:25 Dragon_Gaming_VN: sang
08:25 Dragon_Gaming_VN: food
08:25 Dragon_Gaming_VN: đói
08:25 sang2934        : dao di'
08:27 sang2934        : dao it th'
09:10 amogus20241: minh bell
09:18 amogus20241 placed suspicious LAVA_BUCKET @ world: x-59, z-52
09:18 amogus20241 placed suspicious LAVA_BUCKET @ world: x-59, z-49
09:31 amogus20241: mej t vef
09:32 sang2934   : WTF
09:35 sang2934   : ỦA
09:35 sang2934   : OFF À?
09:36 Minhthichcu: t vua xem phim vua cay:))
09:38 sang2934   : chx làm bàn phù phép nx:)))
09:39 sang2934   : lỡ đánh dân làn:)))
09:42 Minhthichcu: no le
09:44 Minhthichcu: ma
09:44 Minhthichcu: het exp r ne dcmmmmm
09:44 sang2934   : hả
09:44 sang2934   : emer đâu
09:44 Minhthichcu: do
09:46 Minhthichcu: t can 1 khu nuoi axolot
09:46 Minhthichcu: :)))
09:49 Minhthichcu: dcm
09:49 sang2934   : wtf
09:49 sang2934   : srrr
09:49 Minhthichcu: deo co exp
09:49 Minhthichcu: maaaaaaaa
09:49 Minhthichcu: xay bi loi r m
09:49 sang2934   : ép cung đi minh
09:50 sang2934   : ko lỗi đâu
09:50 Minhthichcu: ma sang oi
09:50 Minhthichcu: loi 2 ben r:))
09:53 sang2934   : wtf
09:54 sang2934   : cày giáp đi
09:54 Minhthichcu: co exp dau cay:)))
09:55 sang2934   : trade đi
09:55 Minhthichcu: ma:)))
09:55 sang2934   : lạy cha
14:00 KaredMc    : sang
14:51 sang2934   : thk cháo bỏ
14:52 Dragon_Gaming_VN: sang
14:52 sang2934        : J
14:52 Dragon_Gaming_VN: binhf tĩnh
14:52 sang2934        : SAO PING T CAO THẾ
14:53 Dragon_Gaming_VN: sang
14:53 sang2934        : j
14:53 Dragon_Gaming_VN: calm down
14:53 sang2934        : j v cha
14:53 sang2934        : ban vui mà:)))
14:54 Dragon_Gaming_VN: ma
14:54 Dragon_Gaming_VN: lag
14:54 sang2934        : t chx cấp quyền mà:)))
14:55 sang2934        : cấm đụng vào rương xp của minh nha
14:55 Dragon_Gaming_VN: co mở đc đâu mà đòi
14:56 sang2934        : :)))
14:56 sang2934        : ngu
14:56 sang2934        : ngao như bủ
14:56 Dragon_Gaming_VN: t giết hết villager của m nè chó sang
14:57 sang2934        : qua chỗ tính đi bảo
14:57 Dragon_Gaming_VN: k
14:57 Dragon_Gaming_VN: giet villager của sang
14:57 Dragon_Gaming_VN: yess
14:57 sang2934        : chứ thk minh ko vô
14:57 sang2934        : sao lấy quyền đc
14:58 Dragon_Gaming_VN: gieets villager
14:58 Dragon_Gaming_VN: yessss
15:00 sang2934        : bảo lỏ
15:00 Dragon_Gaming_VN: j
15:00 sang2934        : đi kiếm sắt cho t
15:00 Dragon_Gaming_VN: sang
15:00 Dragon_Gaming_VN: m có gỗ k
15:00 sang2934        : chặt đi bé
15:01 sang2934        : đào muốn gãy tay
15:01 Dragon_Gaming_VN: leen mat dat cho nào
15:01 Dragon_Gaming_VN: sang
15:01 Dragon_Gaming_VN: leen mat đat chõ nào
15:01 sang2934        : lên chỗ nc
15:02 Dragon_Gaming_VN: chi t cach len trên
15:02 sang2934        : đi
15:06 sang2934        : bín
15:06 sang2934        : t mở rương
15:07 Dragon_Gaming_VN: lag
15:07 sang2934        : :)))
15:08 sang2934        : t treo máy từ sáng nên lag
15:08 sang2934        : bín
15:17 sang2934        : adu
15:17 Minhthichcu     : dumemay
